<?xml version="1.0" encoding="UTF-8"?>
<testsuite xmlns:xsi="http://www.w3.org/2001/XMLSchema-instance" xsi:noNamespaceSchemaLocation="https://maven.apache.org/surefire/maven-surefire-plugin/xsd/surefire-test-report.xsd" name="ExpressionEvaluatorTest" time="0.006" tests="8" errors="0" skipped="0" failures="0">
  <properties>
[...]
</properties>
  <testcase name="ExpressionEvaluatorTest.testEvaluator2" classname="ExpressionEvaluatorTest" time="0.001"/>
  <testcase name="ExpressionEvaluatorTest.testEvaluator4" classname="ExpressionEvaluatorTest" time="0"/>
  <testcase name="ExpressionEvaluatorTest.testEvaluator1" classname="ExpressionEvaluatorTest" time="0"/>
  <testcase name="ExpressionEvaluatorTest.testInvalidExpression4" classname="ExpressionEvaluatorTest" time="0"/>
  <testcase name="ExpressionEvaluatorTest.testInvalidExpression5" classname="ExpressionEvaluatorTest" time="0"/>
  <testcase name="ExpressionEvaluatorTest.testInvalidExpression1" classname="ExpressionEvaluatorTest" time="0"/>
  <testcase name="ExpressionEvaluatorTest.testInvalidExpression2" classname="ExpressionEvaluatorTest" time="0"/>
  <testcase name="ExpressionEvaluatorTest.testInvalidExpression3" classname="ExpressionEvaluatorTest" time="0"/>
</testsuite>